TN:
SF:C:\Users\sandeep\Desktop\parking-lot\src\App.vue
FNF:0
FNH:0
DA:11,1
DA:12,1
DA:13,1
LF:3
LH:3
BRF:0
BRH:0
end_of_record
TN:
SF:C:\Users\sandeep\Desktop\parking-lot\src\components\addNewCar.vue
FN:49,(anonymous_1)
FN:57,(anonymous_2)
FN:63,(anonymous_3)
FN:72,(anonymous_4)
FNF:4
FNH:3
FNDA:3,(anonymous_1)
FNDA:0,(anonymous_2)
FNDA:3,(anonymous_3)
FNDA:3,(anonymous_4)
DA:46,3
DA:50,3
DA:58,0
DA:59,0
DA:60,0
DA:64,3
DA:73,3
LF:7
LH:4
BRDA:73,0,0,3
BRDA:73,0,1,0
BRF:2
BRH:1
end_of_record
TN:
SF:C:\Users\sandeep\Desktop\parking-lot\src\components\mainForm.vue
FN:30,(anonymous_1)
FN:36,(anonymous_2)
FN:41,(anonymous_3)
FN:49,(anonymous_4)
FNF:4
FNH:3
FNDA:1,(anonymous_1)
FNDA:0,(anonymous_2)
FNDA:1,(anonymous_3)
FNDA:1,(anonymous_4)
DA:27,2
DA:31,1
DA:37,0
DA:38,0
DA:42,1
DA:50,1
LF:6
LH:4
BRDA:50,0,0,1
BRDA:50,0,1,0
BRDA:50,0,2,0
BRF:3
BRH:1
end_of_record
TN:
SF:C:\Users\sandeep\Desktop\parking-lot\src\components\parkedCarsList.vue
FN:82,(anonymous_1)
FN:91,(anonymous_2)
FN:92,(anonymous_3)
FN:94,(anonymous_4)
FN:96,(anonymous_5)
FN:102,(anonymous_6)
FN:106,(anonymous_7)
FNF:7
FNH:5
FNDA:1,(anonymous_1)
FNDA:1,(anonymous_2)
FNDA:4,(anonymous_3)
FNDA:1,(anonymous_4)
FNDA:3,(anonymous_5)
FNDA:0,(anonymous_6)
FNDA:0,(anonymous_7)
DA:75,2
DA:76,2
DA:83,1
DA:92,5
DA:96,1
DA:97,3
DA:103,0
DA:107,0
DA:108,0
LF:9
LH:6
BRDA:97,0,0,3
BRDA:97,0,1,0
BRF:2
BRH:1
end_of_record
TN:
SF:C:\Users\sandeep\Desktop\parking-lot\src\store\index.js
FN:15,(anonymous_0)
FN:21,(anonymous_1)
FN:22,(anonymous_2)
FN:26,(anonymous_3)
FN:33,(anonymous_4)
FN:56,(anonymous_5)
FN:59,(anonymous_6)
FN:66,(anonymous_7)
FNF:8
FNH:8
FNDA:4,(anonymous_0)
FNDA:2,(anonymous_1)
FNDA:6,(anonymous_2)
FNDA:4,(anonymous_3)
FNDA:1,(anonymous_4)
FNDA:1,(anonymous_5)
FNDA:2,(anonymous_6)
FNDA:1,(anonymous_7)
DA:4,1
DA:16,4
DA:17,4
DA:18,4
DA:19,4
DA:22,6
DA:23,2
DA:24,2
DA:27,4
DA:28,4
DA:29,4
DA:34,1
DA:35,1
DA:36,1
DA:37,1
DA:38,1
DA:39,1
DA:41,1
DA:42,1
DA:43,1
DA:45,1
DA:46,1
DA:47,1
DA:49,1
DA:50,4
DA:52,1
DA:54,1
DA:57,1
DA:60,2
DA:61,2
DA:62,2
DA:63,2
DA:64,2
DA:66,1
DA:67,1
DA:68,2
DA:69,1
DA:70,1
DA:74,2
LF:39
LH:39
BRDA:19,0,0,1
BRDA:19,0,1,3
BRDA:29,1,0,2
BRDA:29,1,1,2
BRDA:60,2,0,2
BRDA:60,2,1,0
BRDA:64,3,0,1
BRDA:64,3,1,1
BRDA:68,4,0,1
BRDA:68,4,1,1
BRF:10
BRH:9
end_of_record
